<?xml version="1.0" encoding="UTF-8"?>
<!-- Generated by org.testng.reporters.JUnitReportReporter -->
<testsuite hostname="DESKTOP-PKO764E" failures="0" tests="1" name="com.automation.tests.TestCase_001" time="30.381" errors="0" timestamp="2023-05-16T15:20:26 IST" skipped="0">
  <testcase classname="com.automation.tests.TestCase_001" name="method1" time="30.381"/>
  <system-out/>
</testsuite> <!-- com.automation.tests.TestCase_001 -->
